<?xml version="1.0" encoding="utf-8"?><testsuites name="pytest tests"><testsuite name="pytest" errors="0" failures="0" skipped="24" tests="120" time="610.411" timestamp="2025-09-24T01:11:24.923965+02:00" hostname="JMX67TYYQ4"><testcase classname="tests.istanbul.eip1344_chainid.test_chainid" name="test_chainid[fork_Prague-state_test]" time="8.434" /><testcase classname="tests.istanbul.eip152_blake2.test_blake2" name="test_blake2b[fork_Prague-state_test-empty-input-call_opcode_CALL]" time="4.291" /><testcase classname="tests.istanbul.eip152_blake2.test_blake2" name="test_blake2b[fork_Prague-state_test-invalid-rounds-length-short-call_opcode_CALL]" time="5.329" /><testcase classname="tests.istanbul.eip152_blake2.test_blake2" name="test_blake2b[fork_Prague-state_test-invalid-rounds-length-long-call_opcode_CALL]" time="6.358" /><testcase classname="tests.istanbul.eip152_blake2.test_blake2" name="test_blake2b[fork_Prague-state_test-invalid-final-block-flag-value-0x02-call_opcode_CALL]" time="6.308" /><testcase classname="tests.istanbul.eip152_blake2.test_blake2" name="test_blake2b[fork_Prague-state_test-valid-rounds-0-call_opcode_CALL]" time="4.289" /><testcase classname="tests.istanbul.eip152_blake2.test_blake2" name="test_blake2b[fork_Prague-state_test-valid-rounds-12-call_opcode_CALL]" time="6.318" /><testcase classname="tests.istanbul.eip152_blake2.test_blake2" name="test_blake2b[fork_Prague-state_test-valid-false-final-block-flag-call_opcode_CALL]" time="6.301" /><testcase classname="tests.istanbul.eip152_blake2.test_blake2" name="test_blake2b[fork_Prague-state_test-valid-rounds-1-call_opcode_CALL]" time="6.678" /><testcase classname="tests.istanbul.eip152_blake2.test_blake2" name="test_blake2b[fork_Prague-state_test-oog-rounds-4294967295-call_opcode_CALL]" time="6.327" /><testcase classname="tests.istanbul.eip152_blake2.test_blake2" name="test_blake2b[fork_Prague-state_test-valid-different-message-offset-0x05-call_opcode_CALL]" time="5.306" /><testcase classname="tests.istanbul.eip152_blake2.test_blake2" name="test_blake2b[fork_Prague-state_test-valid-rounds-16-call_opcode_CALL]" time="6.320" /><testcase classname="tests.istanbul.eip152_blake2.test_blake2" name="test_blake2b[fork_Prague-state_test-valid-rounds-32-call_opcode_CALL]" time="6.315" /><testcase classname="tests.istanbul.eip152_blake2.test_blake2" name="test_blake2b[fork_Prague-state_test-valid-rounds-64-call_opcode_CALL]" time="4.277" /><testcase classname="tests.istanbul.eip152_blake2.test_blake2" name="test_blake2b[fork_Prague-state_test-valid-rounds-128-call_opcode_CALL]" time="4.291" /><testcase classname="tests.istanbul.eip152_blake2.test_blake2" name="test_blake2b[fork_Prague-state_test-valid-rounds-256-call_opcode_CALL]" time="6.321" /><testcase classname="tests.istanbul.eip152_blake2.test_blake2" name="test_blake2b[fork_Prague-state_test-valid-rounds-512-call_opcode_CALL]" time="5.303" /><testcase classname="tests.istanbul.eip152_blake2.test_blake2" name="test_blake2b[fork_Prague-state_test-valid-rounds-1024-call_opcode_CALL]" time="5.291" /><testcase classname="tests.istanbul.eip152_blake2.test_blake2" name="test_blake2b[fork_Prague-state_test-valid-rounds-16-offset-0x10-call_opcode_CALL]" time="6.336" /><testcase classname="tests.istanbul.eip152_blake2.test_blake2" name="test_blake2b[fork_Prague-state_test-valid-rounds-32-offset-0x10-call_opcode_CALL]" time="5.328" /><testcase classname="tests.istanbul.eip152_blake2.test_blake2" name="test_blake2b[fork_Prague-state_test-valid-rounds-64-offset-0x10-call_opcode_CALL]" time="4.302" /><testcase classname="tests.istanbul.eip152_blake2.test_blake2" name="test_blake2b[fork_Prague-state_test-valid-rounds-128-offset-0x10-call_opcode_CALL]" time="6.335" /><testcase classname="tests.istanbul.eip152_blake2.test_blake2" name="test_blake2b[fork_Prague-state_test-valid-rounds-256-offset-0x10-call_opcode_CALL]" time="6.305" /><testcase classname="tests.istanbul.eip152_blake2.test_blake2" name="test_blake2b[fork_Prague-state_test-valid-rounds-512-offset-0x10-call_opcode_CALL]" time="6.729" /><testcase classname="tests.istanbul.eip152_blake2.test_blake2" name="test_blake2b[fork_Prague-state_test-valid-rounds-1024-offset-0x10-call_opcode_CALL]" time="5.303" /><testcase classname="tests.istanbul.eip152_blake2.test_blake2" name="test_blake2b[fork_Prague-state_test-valid-rounds-16-offset-0x78-call_opcode_CALL]" time="4.296" /><testcase classname="tests.istanbul.eip152_blake2.test_blake2" name="test_blake2b[fork_Prague-state_test-valid-rounds-32-offset-0x78-call_opcode_CALL]" time="6.338" /><testcase classname="tests.istanbul.eip152_blake2.test_blake2" name="test_blake2b[fork_Prague-state_test-valid-rounds-64-offset-0x78-call_opcode_CALL]" time="6.315" /><testcase classname="tests.istanbul.eip152_blake2.test_blake2" name="test_blake2b[fork_Prague-state_test-EIP-152-RFC-7693-zero-input-call_opcode_CALL]" time="4.312" /><testcase classname="tests.istanbul.eip152_blake2.test_blake2" name="test_blake2b_invalid_gas[fork_Prague-state_test-EIP-152-case1-data0-invalid-low-gas-gas_limit_90000-call_opcode_CALL]" time="6.305" /><testcase classname="tests.istanbul.eip152_blake2.test_blake2" name="test_blake2b_invalid_gas[fork_Prague-state_test-EIP-152-case1-data0-invalid-low-gas-gas_limit_90000-call_opcode_CALLCODE]" time="6.350" /><testcase classname="tests.istanbul.eip152_blake2.test_blake2" name="test_blake2b_invalid_gas[fork_Prague-state_test-EIP-152-case1-data0-invalid-low-gas-gas_limit_110000-call_opcode_CALL]" time="6.781" /><testcase classname="tests.istanbul.eip152_blake2.test_blake2" name="test_blake2b_invalid_gas[fork_Prague-state_test-EIP-152-case1-data0-invalid-low-gas-gas_limit_110000-call_opcode_CALLCODE]" time="5.304" /><testcase classname="tests.istanbul.eip152_blake2.test_blake2" name="test_blake2b_invalid_gas[fork_Prague-state_test-EIP-152-case1-data0-invalid-low-gas-gas_limit_200000-call_opcode_CALL]" time="4.294" /><testcase classname="tests.istanbul.eip152_blake2.test_blake2" name="test_blake2b_invalid_gas[fork_Prague-state_test-EIP-152-case1-data0-invalid-low-gas-gas_limit_200000-call_opcode_CALLCODE]" time="6.328" /><testcase classname="tests.istanbul.eip152_blake2.test_blake2" name="test_blake2b_invalid_gas[fork_Prague-state_test-EIP-152-case1-data1-invalid-low-gas-gas_limit_90000-call_opcode_CALL]" time="6.332" /><testcase classname="tests.istanbul.eip152_blake2.test_blake2" name="test_blake2b_invalid_gas[fork_Prague-state_test-EIP-152-case1-data1-invalid-low-gas-gas_limit_90000-call_opcode_CALLCODE]" time="4.271" /><testcase classname="tests.istanbul.eip152_blake2.test_blake2" name="test_blake2b_invalid_gas[fork_Prague-state_test-EIP-152-case1-data1-invalid-low-gas-gas_limit_110000-call_opcode_CALL]" time="6.369" /><testcase classname="tests.istanbul.eip152_blake2.test_blake2" name="test_blake2b_invalid_gas[fork_Prague-state_test-EIP-152-case1-data1-invalid-low-gas-gas_limit_110000-call_opcode_CALLCODE]" time="6.327" /><testcase classname="tests.istanbul.eip152_blake2.test_blake2" name="test_blake2b_invalid_gas[fork_Prague-state_test-EIP-152-case1-data1-invalid-low-gas-gas_limit_200000-call_opcode_CALL]" time="5.710" /><testcase classname="tests.istanbul.eip152_blake2.test_blake2" name="test_blake2b_invalid_gas[fork_Prague-state_test-EIP-152-case1-data1-invalid-low-gas-gas_limit_200000-call_opcode_CALLCODE]" time="6.305" /><testcase classname="tests.istanbul.eip152_blake2.test_blake2" name="test_blake2b_invalid_gas[fork_Prague-state_test-EIP-152-case1-data2-invalid-low-gas-gas_limit_90000-call_opcode_CALL]" time="4.289" /><testcase classname="tests.istanbul.eip152_blake2.test_blake2" name="test_blake2b_invalid_gas[fork_Prague-state_test-EIP-152-case1-data2-invalid-low-gas-gas_limit_90000-call_opcode_CALLCODE]" time="6.334" /><testcase classname="tests.istanbul.eip152_blake2.test_blake2" name="test_blake2b_invalid_gas[fork_Prague-state_test-EIP-152-case1-data2-invalid-low-gas-gas_limit_110000-call_opcode_CALL]" time="6.315" /><testcase classname="tests.istanbul.eip152_blake2.test_blake2" name="test_blake2b_invalid_gas[fork_Prague-state_test-EIP-152-case1-data2-invalid-low-gas-gas_limit_110000-call_opcode_CALLCODE]" time="4.272" /><testcase classname="tests.istanbul.eip152_blake2.test_blake2" name="test_blake2b_invalid_gas[fork_Prague-state_test-EIP-152-case1-data2-invalid-low-gas-gas_limit_200000-call_opcode_CALL]" time="5.304" /><testcase classname="tests.istanbul.eip152_blake2.test_blake2" name="test_blake2b_invalid_gas[fork_Prague-state_test-EIP-152-case1-data2-invalid-low-gas-gas_limit_200000-call_opcode_CALLCODE]" time="6.325" /><testcase classname="tests.istanbul.eip152_blake2.test_blake2" name="test_blake2b_invalid_gas[fork_Prague-state_test-EIP-152-case1-data3-invalid-low-gas-gas_limit_90000-call_opcode_CALL]" time="5.752" /><testcase classname="tests.istanbul.eip152_blake2.test_blake2" name="test_blake2b_invalid_gas[fork_Prague-state_test-EIP-152-case1-data3-invalid-low-gas-gas_limit_90000-call_opcode_CALLCODE]" time="5.299" /><testcase classname="tests.istanbul.eip152_blake2.test_blake2" name="test_blake2b_invalid_gas[fork_Prague-state_test-EIP-152-case1-data3-invalid-low-gas-gas_limit_110000-call_opcode_CALL]" time="4.286" /><testcase classname="tests.istanbul.eip152_blake2.test_blake2" name="test_blake2b_invalid_gas[fork_Prague-state_test-EIP-152-case1-data3-invalid-low-gas-gas_limit_110000-call_opcode_CALLCODE]" time="6.325" /><testcase classname="tests.istanbul.eip152_blake2.test_blake2" name="test_blake2b_invalid_gas[fork_Prague-state_test-EIP-152-case1-data3-invalid-low-gas-gas_limit_200000-call_opcode_CALL]" time="5.299" /><testcase classname="tests.istanbul.eip152_blake2.test_blake2" name="test_blake2b_invalid_gas[fork_Prague-state_test-EIP-152-case1-data3-invalid-low-gas-gas_limit_200000-call_opcode_CALLCODE]" time="5.308" /><testcase classname="tests.istanbul.eip152_blake2.test_blake2" name="test_blake2b_invalid_gas[fork_Prague-state_test-EIP-152-case1-data9-invalid-low-gas-gas_limit_90000-call_opcode_CALL]" time="5.287" /><testcase classname="tests.istanbul.eip152_blake2.test_blake2" name="test_blake2b_invalid_gas[fork_Prague-state_test-EIP-152-case1-data9-invalid-low-gas-gas_limit_90000-call_opcode_CALLCODE]" time="6.352" /><testcase classname="tests.istanbul.eip152_blake2.test_blake2" name="test_blake2b_invalid_gas[fork_Prague-state_test-EIP-152-case1-data9-invalid-low-gas-gas_limit_110000-call_opcode_CALL]" time="3.386" /><testcase classname="tests.istanbul.eip152_blake2.test_blake2" name="test_blake2b_invalid_gas[fork_Prague-state_test-EIP-152-case1-data9-invalid-low-gas-gas_limit_110000-call_opcode_CALLCODE]" time="5.292" /><testcase classname="tests.istanbul.eip152_blake2.test_blake2" name="test_blake2b_invalid_gas[fork_Prague-state_test-EIP-152-case1-data9-invalid-low-gas-gas_limit_200000-call_opcode_CALL]" time="6.317" /><testcase classname="tests.istanbul.eip152_blake2.test_blake2" name="test_blake2b_invalid_gas[fork_Prague-state_test-EIP-152-case1-data9-invalid-low-gas-gas_limit_200000-call_opcode_CALLCODE]" time="5.293" /><testcase classname="tests.istanbul.eip152_blake2.test_blake2" name="test_blake2b_invalid_gas[fork_Prague-state_test-EIP-152-case1-data10-invalid-low-gas-gas_limit_90000-call_opcode_CALL]" time="4.281" /><testcase classname="tests.istanbul.eip152_blake2.test_blake2" name="test_blake2b_invalid_gas[fork_Prague-state_test-EIP-152-case1-data10-invalid-low-gas-gas_limit_90000-call_opcode_CALLCODE]" time="6.329" /><testcase classname="tests.istanbul.eip152_blake2.test_blake2" name="test_blake2b_invalid_gas[fork_Prague-state_test-EIP-152-case1-data10-invalid-low-gas-gas_limit_110000-call_opcode_CALL]" time="6.321" /><testcase classname="tests.istanbul.eip152_blake2.test_blake2" name="test_blake2b_invalid_gas[fork_Prague-state_test-EIP-152-case1-data10-invalid-low-gas-gas_limit_110000-call_opcode_CALLCODE]" time="4.274" /><testcase classname="tests.istanbul.eip152_blake2.test_blake2" name="test_blake2b_invalid_gas[fork_Prague-state_test-EIP-152-case1-data10-invalid-low-gas-gas_limit_200000-call_opcode_CALL]" time="6.350" /><testcase classname="tests.istanbul.eip152_blake2.test_blake2" name="test_blake2b_invalid_gas[fork_Prague-state_test-EIP-152-case1-data10-invalid-low-gas-gas_limit_200000-call_opcode_CALLCODE]" time="6.333" /><testcase classname="tests.istanbul.eip152_blake2.test_blake2" name="test_blake2b_gas_limit[fork_Prague-gas_limit_0x015752a0-state_test-EIP-152-case3-data4-gas-limit-call_opcode_CALL]" time="2.188"><skipped type="pytest.xfail" message="Causes Relay's precheck to fail: eth_sendRawTransaction 400 (Transaction gas limit '22500000' exceeds max gas per sec limit '15000000')" /></testcase><testcase classname="tests.istanbul.eip152_blake2.test_blake2" name="test_blake2b_gas_limit[fork_Prague-gas_limit_0x015752a0-state_test-EIP-152-case3-data4-gas-limit-call_opcode_CALLCODE]" time="3.197"><skipped type="pytest.xfail" message="Causes Relay's precheck to fail: eth_sendRawTransaction 400 (Transaction gas limit '22500000' exceeds max gas per sec limit '15000000')" /></testcase><testcase classname="tests.istanbul.eip152_blake2.test_blake2" name="test_blake2b_gas_limit[fork_Prague-gas_limit_0x015752a0-state_test-EIP-152-case4-data5-gas-limit-call_opcode_CALL]" time="4.240"><skipped type="pytest.xfail" message="Causes Relay's precheck to fail: eth_sendRawTransaction 400 (Transaction gas limit '22500000' exceeds max gas per sec limit '15000000')" /></testcase><testcase classname="tests.istanbul.eip152_blake2.test_blake2" name="test_blake2b_gas_limit[fork_Prague-gas_limit_0x015752a0-state_test-EIP-152-case4-data5-gas-limit-call_opcode_CALLCODE]" time="4.219"><skipped type="pytest.xfail" message="Causes Relay's precheck to fail: eth_sendRawTransaction 400 (Transaction gas limit '22500000' exceeds max gas per sec limit '15000000')" /></testcase><testcase classname="tests.istanbul.eip152_blake2.test_blake2" name="test_blake2b_gas_limit[fork_Prague-gas_limit_0x015752a0-state_test-EIP-152-case5-data6-gas-limit-call_opcode_CALL]" time="3.201"><skipped type="pytest.xfail" message="Causes Relay's precheck to fail: eth_sendRawTransaction 400 (Transaction gas limit '22500000' exceeds max gas per sec limit '15000000')" /></testcase><testcase classname="tests.istanbul.eip152_blake2.test_blake2" name="test_blake2b_gas_limit[fork_Prague-gas_limit_0x015752a0-state_test-EIP-152-case5-data6-gas-limit-call_opcode_CALLCODE]" time="3.205"><skipped type="pytest.xfail" message="Causes Relay's precheck to fail: eth_sendRawTransaction 400 (Transaction gas limit '22500000' exceeds max gas per sec limit '15000000')" /></testcase><testcase classname="tests.istanbul.eip152_blake2.test_blake2" name="test_blake2b_gas_limit[fork_Prague-gas_limit_0x015752a0-state_test-EIP-152-case6-data7-gas-limit-call_opcode_CALL]" time="4.227"><skipped type="pytest.xfail" message="Causes Relay's precheck to fail: eth_sendRawTransaction 400 (Transaction gas limit '22500000' exceeds max gas per sec limit '15000000')" /></testcase><testcase classname="tests.istanbul.eip152_blake2.test_blake2" name="test_blake2b_gas_limit[fork_Prague-gas_limit_0x015752a0-state_test-EIP-152-case6-data7-gas-limit-call_opcode_CALLCODE]" time="2.648"><skipped type="pytest.xfail" message="Causes Relay's precheck to fail: eth_sendRawTransaction 400 (Transaction gas limit '22500000' exceeds max gas per sec limit '15000000')" /></testcase><testcase classname="tests.istanbul.eip152_blake2.test_blake2" name="test_blake2b_gas_limit[fork_Prague-gas_limit_0x015752a0-state_test-EIP-152-case7-data8-gas-limit-call_opcode_CALL]" time="4.248"><skipped type="pytest.xfail" message="Causes Relay's precheck to fail: eth_sendRawTransaction 400 (Transaction gas limit '22500000' exceeds max gas per sec limit '15000000')" /></testcase><testcase classname="tests.istanbul.eip152_blake2.test_blake2" name="test_blake2b_gas_limit[fork_Prague-gas_limit_0x015752a0-state_test-EIP-152-case7-data8-gas-limit-call_opcode_CALLCODE]" time="4.234"><skipped type="pytest.xfail" message="Causes Relay's precheck to fail: eth_sendRawTransaction 400 (Transaction gas limit '22500000' exceeds max gas per sec limit '15000000')" /></testcase><testcase classname="tests.istanbul.eip152_blake2.test_blake2" name="test_blake2b_gas_limit[fork_Prague-gas_limit_90000-state_test-EIP-152-case3-data4-gas-limit-call_opcode_CALL]" time="4.288" /><testcase classname="tests.istanbul.eip152_blake2.test_blake2" name="test_blake2b_gas_limit[fork_Prague-gas_limit_90000-state_test-EIP-152-case3-data4-gas-limit-call_opcode_CALLCODE]" time="4.268" /><testcase classname="tests.istanbul.eip152_blake2.test_blake2" name="test_blake2b_gas_limit[fork_Prague-gas_limit_90000-state_test-EIP-152-case4-data5-gas-limit-call_opcode_CALL]" time="6.313" /><testcase classname="tests.istanbul.eip152_blake2.test_blake2" name="test_blake2b_gas_limit[fork_Prague-gas_limit_90000-state_test-EIP-152-case4-data5-gas-limit-call_opcode_CALLCODE]" time="6.321" /><testcase classname="tests.istanbul.eip152_blake2.test_blake2" name="test_blake2b_gas_limit[fork_Prague-gas_limit_90000-state_test-EIP-152-case5-data6-gas-limit-call_opcode_CALL]" time="3.253" /><testcase classname="tests.istanbul.eip152_blake2.test_blake2" name="test_blake2b_gas_limit[fork_Prague-gas_limit_90000-state_test-EIP-152-case5-data6-gas-limit-call_opcode_CALLCODE]" time="6.305" /><testcase classname="tests.istanbul.eip152_blake2.test_blake2" name="test_blake2b_gas_limit[fork_Prague-gas_limit_90000-state_test-EIP-152-case6-data7-gas-limit-call_opcode_CALL]" time="4.678" /><testcase classname="tests.istanbul.eip152_blake2.test_blake2" name="test_blake2b_gas_limit[fork_Prague-gas_limit_90000-state_test-EIP-152-case6-data7-gas-limit-call_opcode_CALLCODE]" time="6.331" /><testcase classname="tests.istanbul.eip152_blake2.test_blake2" name="test_blake2b_gas_limit[fork_Prague-gas_limit_90000-state_test-EIP-152-case7-data8-gas-limit-call_opcode_CALL]" time="5.285" /><testcase classname="tests.istanbul.eip152_blake2.test_blake2" name="test_blake2b_gas_limit[fork_Prague-gas_limit_90000-state_test-EIP-152-case7-data8-gas-limit-call_opcode_CALLCODE]" time="4.269" /><testcase classname="tests.istanbul.eip152_blake2.test_blake2" name="test_blake2b_gas_limit[fork_Prague-gas_limit_110000-state_test-EIP-152-case3-data4-gas-limit-call_opcode_CALL]" time="4.288" /><testcase classname="tests.istanbul.eip152_blake2.test_blake2" name="test_blake2b_gas_limit[fork_Prague-gas_limit_110000-state_test-EIP-152-case3-data4-gas-limit-call_opcode_CALLCODE]" time="6.316" /><testcase classname="tests.istanbul.eip152_blake2.test_blake2" name="test_blake2b_gas_limit[fork_Prague-gas_limit_110000-state_test-EIP-152-case4-data5-gas-limit-call_opcode_CALL]" time="4.286" /><testcase classname="tests.istanbul.eip152_blake2.test_blake2" name="test_blake2b_gas_limit[fork_Prague-gas_limit_110000-state_test-EIP-152-case4-data5-gas-limit-call_opcode_CALLCODE]" time="5.315" /><testcase classname="tests.istanbul.eip152_blake2.test_blake2" name="test_blake2b_gas_limit[fork_Prague-gas_limit_110000-state_test-EIP-152-case5-data6-gas-limit-call_opcode_CALL]" time="6.415" /><testcase classname="tests.istanbul.eip152_blake2.test_blake2" name="test_blake2b_gas_limit[fork_Prague-gas_limit_110000-state_test-EIP-152-case5-data6-gas-limit-call_opcode_CALLCODE]" time="5.287" /><testcase classname="tests.istanbul.eip152_blake2.test_blake2" name="test_blake2b_gas_limit[fork_Prague-gas_limit_110000-state_test-EIP-152-case6-data7-gas-limit-call_opcode_CALL]" time="3.239" /><testcase classname="tests.istanbul.eip152_blake2.test_blake2" name="test_blake2b_gas_limit[fork_Prague-gas_limit_110000-state_test-EIP-152-case6-data7-gas-limit-call_opcode_CALLCODE]" time="6.325" /><testcase classname="tests.istanbul.eip152_blake2.test_blake2" name="test_blake2b_gas_limit[fork_Prague-gas_limit_110000-state_test-EIP-152-case7-data8-gas-limit-call_opcode_CALL]" time="5.304" /><testcase classname="tests.istanbul.eip152_blake2.test_blake2" name="test_blake2b_gas_limit[fork_Prague-gas_limit_110000-state_test-EIP-152-case7-data8-gas-limit-call_opcode_CALLCODE]" time="5.294" /><testcase classname="tests.istanbul.eip152_blake2.test_blake2" name="test_blake2b_gas_limit[fork_Prague-gas_limit_200000-state_test-EIP-152-case3-data4-gas-limit-call_opcode_CALL]" time="5.288" /><testcase classname="tests.istanbul.eip152_blake2.test_blake2" name="test_blake2b_gas_limit[fork_Prague-gas_limit_200000-state_test-EIP-152-case3-data4-gas-limit-call_opcode_CALLCODE]" time="5.374" /><testcase classname="tests.istanbul.eip152_blake2.test_blake2" name="test_blake2b_gas_limit[fork_Prague-gas_limit_200000-state_test-EIP-152-case4-data5-gas-limit-call_opcode_CALL]" time="5.307" /><testcase classname="tests.istanbul.eip152_blake2.test_blake2" name="test_blake2b_gas_limit[fork_Prague-gas_limit_200000-state_test-EIP-152-case4-data5-gas-limit-call_opcode_CALLCODE]" time="5.322" /><testcase classname="tests.istanbul.eip152_blake2.test_blake2" name="test_blake2b_gas_limit[fork_Prague-gas_limit_200000-state_test-EIP-152-case5-data6-gas-limit-call_opcode_CALL]" time="6.336" /><testcase classname="tests.istanbul.eip152_blake2.test_blake2" name="test_blake2b_gas_limit[fork_Prague-gas_limit_200000-state_test-EIP-152-case5-data6-gas-limit-call_opcode_CALLCODE]" time="3.277" /><testcase classname="tests.istanbul.eip152_blake2.test_blake2" name="test_blake2b_gas_limit[fork_Prague-gas_limit_200000-state_test-EIP-152-case6-data7-gas-limit-call_opcode_CALL]" time="4.274" /><testcase classname="tests.istanbul.eip152_blake2.test_blake2" name="test_blake2b_gas_limit[fork_Prague-gas_limit_200000-state_test-EIP-152-case6-data7-gas-limit-call_opcode_CALLCODE]" time="6.326" /><testcase classname="tests.istanbul.eip152_blake2.test_blake2" name="test_blake2b_gas_limit[fork_Prague-gas_limit_200000-state_test-EIP-152-case7-data8-gas-limit-call_opcode_CALL]" time="5.297" /><testcase classname="tests.istanbul.eip152_blake2.test_blake2" name="test_blake2b_gas_limit[fork_Prague-gas_limit_200000-state_test-EIP-152-case7-data8-gas-limit-call_opcode_CALLCODE]" time="4.292" /><testcase classname="tests.istanbul.eip152_blake2.test_blake2" name="test_blake2b_large_gas_limit[fork_Prague-gas_limit_0x015752a0-state_test-EIP-152-case0-data0-large-gas-limit-call_opcode_CALL]" time="4.233"><skipped type="pytest.xfail" message="Causes Relay's precheck to fail: eth_sendRawTransaction 400 (Transaction gas limit '22500000' exceeds max gas per sec limit '15000000')" /></testcase><testcase classname="tests.istanbul.eip152_blake2.test_blake2" name="test_blake2b_large_gas_limit[fork_Prague-gas_limit_0x015752a0-state_test-EIP-152-case0-data0-large-gas-limit-call_opcode_CALLCODE]" time="4.245"><skipped type="pytest.xfail" message="Causes Relay's precheck to fail: eth_sendRawTransaction 400 (Transaction gas limit '22500000' exceeds max gas per sec limit '15000000')" /></testcase><testcase classname="tests.istanbul.eip152_blake2.test_blake2" name="test_blake2b_large_gas_limit[fork_Prague-gas_limit_0x015752a0-state_test-EIP-152-case2-data1-large-gas-limit-call_opcode_CALL]" time="3.236"><skipped type="pytest.xfail" message="Causes Relay's precheck to fail: eth_sendRawTransaction 400 (Transaction gas limit '22500000' exceeds max gas per sec limit '15000000')" /></testcase><testcase classname="tests.istanbul.eip152_blake2.test_blake2" name="test_blake2b_large_gas_limit[fork_Prague-gas_limit_0x015752a0-state_test-EIP-152-case2-data1-large-gas-limit-call_opcode_CALLCODE]" time="2.731"><skipped type="pytest.xfail" message="Causes Relay's precheck to fail: eth_sendRawTransaction 400 (Transaction gas limit '22500000' exceeds max gas per sec limit '15000000')" /></testcase><testcase classname="tests.istanbul.eip152_blake2.test_blake2" name="test_blake2b_large_gas_limit[fork_Prague-gas_limit_0x015752a0-state_test-EIP-152-case2-data2-large-gas-limit-call_opcode_CALL]" time="4.215"><skipped type="pytest.xfail" message="Causes Relay's precheck to fail: eth_sendRawTransaction 400 (Transaction gas limit '22500000' exceeds max gas per sec limit '15000000')" /></testcase><testcase classname="tests.istanbul.eip152_blake2.test_blake2" name="test_blake2b_large_gas_limit[fork_Prague-gas_limit_0x015752a0-state_test-EIP-152-case2-data2-large-gas-limit-call_opcode_CALLCODE]" time="3.202"><skipped type="pytest.xfail" message="Causes Relay's precheck to fail: eth_sendRawTransaction 400 (Transaction gas limit '22500000' exceeds max gas per sec limit '15000000')" /></testcase><testcase classname="tests.istanbul.eip152_blake2.test_blake2" name="test_blake2b_large_gas_limit[fork_Prague-gas_limit_0x015752a0-state_test-EIP-152-case2-data3-large-gas-limit-call_opcode_CALL]" time="4.222"><skipped type="pytest.xfail" message="Causes Relay's precheck to fail: eth_sendRawTransaction 400 (Transaction gas limit '22500000' exceeds max gas per sec limit '15000000')" /></testcase><testcase classname="tests.istanbul.eip152_blake2.test_blake2" name="test_blake2b_large_gas_limit[fork_Prague-gas_limit_0x015752a0-state_test-EIP-152-case2-data3-large-gas-limit-call_opcode_CALLCODE]" time="4.222"><skipped type="pytest.xfail" message="Causes Relay's precheck to fail: eth_sendRawTransaction 400 (Transaction gas limit '22500000' exceeds max gas per sec limit '15000000')" /></testcase><testcase classname="tests.istanbul.eip152_blake2.test_blake2" name="test_blake2b_large_gas_limit[fork_Prague-gas_limit_0x015752a0-state_test-EIP-152-modified-case8-data9-large-gas-limit-call_opcode_CALL]" time="2.197"><skipped type="pytest.xfail" message="Causes Relay's precheck to fail: eth_sendRawTransaction 400 (Transaction gas limit '22500000' exceeds max gas per sec limit '15000000')" /></testcase><testcase classname="tests.istanbul.eip152_blake2.test_blake2" name="test_blake2b_large_gas_limit[fork_Prague-gas_limit_0x015752a0-state_test-EIP-152-modified-case8-data9-large-gas-limit-call_opcode_CALLCODE]" time="4.223"><skipped type="pytest.xfail" message="Causes Relay's precheck to fail: eth_sendRawTransaction 400 (Transaction gas limit '22500000' exceeds max gas per sec limit '15000000')" /></testcase><testcase classname="tests.istanbul.eip152_blake2.test_blake2" name="test_blake2b_large_gas_limit[fork_Prague-gas_limit_0x015752a0-state_test-EIP-152-case8-data9-large-gas-limit-call_opcode_CALL]" time="0.000"><skipped type="pytest.skip" message="Times-out during fill">/Users/luismastrangelo/work/execution-spec-tests/tests/istanbul/eip152_blake2/test_blake2.py:677: Times-out during fill</skipped></testcase><testcase classname="tests.istanbul.eip152_blake2.test_blake2" name="test_blake2b_large_gas_limit[fork_Prague-gas_limit_0x015752a0-state_test-EIP-152-case8-data9-large-gas-limit-call_opcode_CALLCODE]" time="0.000"><skipped type="pytest.skip" message="Times-out during fill">/Users/luismastrangelo/work/execution-spec-tests/tests/istanbul/eip152_blake2/test_blake2.py:677: Times-out during fill</skipped></testcase><testcase classname="tests.istanbul.eip152_blake2.test_blake2" name="test_blake2b_large_gas_limit[fork_Prague-gas_limit_0x015752a0-state_test-EIP-152-case9-data10-large-gas-limit-call_opcode_CALL]" time="4.229"><skipped type="pytest.xfail" message="Causes Relay's precheck to fail: eth_sendRawTransaction 400 (Transaction gas limit '22500000' exceeds max gas per sec limit '15000000')" /></testcase><testcase classname="tests.istanbul.eip152_blake2.test_blake2" name="test_blake2b_large_gas_limit[fork_Prague-gas_limit_0x015752a0-state_test-EIP-152-case9-data10-large-gas-limit-call_opcode_CALLCODE]" time="4.224"><skipped type="pytest.xfail" message="Causes Relay's precheck to fail: eth_sendRawTransaction 400 (Transaction gas limit '22500000' exceeds max gas per sec limit '15000000')" /></testcase><testcase classname="tests.istanbul.eip152_blake2.test_blake2_delegatecall" name="test_blake2_precompile_delegatecall[fork_Prague-state_test]" time="6.839" /></testsuite></testsuites>