<?xml version="1.0" encoding="utf-8"?><testsuites name="pytest tests"><testsuite name="pytest" errors="0" failures="0" skipped="24" tests="120" time="567.691" timestamp="2025-09-23T10:12:34.110647+02:00" hostname="JMX67TYYQ4"><testcase classname="tests.istanbul.eip1344_chainid.test_chainid" name="test_chainid[fork_Prague-state_test]" time="8.402" /><testcase classname="tests.istanbul.eip152_blake2.test_blake2" name="test_blake2b[fork_Prague-state_test-empty-input-call_opcode_CALL]" time="4.325" /><testcase classname="tests.istanbul.eip152_blake2.test_blake2" name="test_blake2b[fork_Prague-state_test-invalid-rounds-length-short-call_opcode_CALL]" time="5.310" /><testcase classname="tests.istanbul.eip152_blake2.test_blake2" name="test_blake2b[fork_Prague-state_test-invalid-rounds-length-long-call_opcode_CALL]" time="6.355" /><testcase classname="tests.istanbul.eip152_blake2.test_blake2" name="test_blake2b[fork_Prague-state_test-invalid-final-block-flag-value-0x02-call_opcode_CALL]" time="3.338" /><testcase classname="tests.istanbul.eip152_blake2.test_blake2" name="test_blake2b[fork_Prague-state_test-valid-rounds-0-call_opcode_CALL]" time="5.306" /><testcase classname="tests.istanbul.eip152_blake2.test_blake2" name="test_blake2b[fork_Prague-state_test-valid-rounds-12-call_opcode_CALL]" time="5.321" /><testcase classname="tests.istanbul.eip152_blake2.test_blake2" name="test_blake2b[fork_Prague-state_test-valid-false-final-block-flag-call_opcode_CALL]" time="3.290" /><testcase classname="tests.istanbul.eip152_blake2.test_blake2" name="test_blake2b[fork_Prague-state_test-valid-rounds-1-call_opcode_CALL]" time="5.318" /><testcase classname="tests.istanbul.eip152_blake2.test_blake2" name="test_blake2b[fork_Prague-state_test-oog-rounds-4294967295-call_opcode_CALL]" time="6.329" /><testcase classname="tests.istanbul.eip152_blake2.test_blake2" name="test_blake2b[fork_Prague-state_test-valid-different-message-offset-0x05-call_opcode_CALL]" time="4.322" /><testcase classname="tests.istanbul.eip152_blake2.test_blake2" name="test_blake2b[fork_Prague-state_test-valid-rounds-16-call_opcode_CALL]" time="4.285" /><testcase classname="tests.istanbul.eip152_blake2.test_blake2" name="test_blake2b[fork_Prague-state_test-valid-rounds-32-call_opcode_CALL]" time="6.324" /><testcase classname="tests.istanbul.eip152_blake2.test_blake2" name="test_blake2b[fork_Prague-state_test-valid-rounds-64-call_opcode_CALL]" time="4.590" /><testcase classname="tests.istanbul.eip152_blake2.test_blake2" name="test_blake2b[fork_Prague-state_test-valid-rounds-128-call_opcode_CALL]" time="6.372" /><testcase classname="tests.istanbul.eip152_blake2.test_blake2" name="test_blake2b[fork_Prague-state_test-valid-rounds-256-call_opcode_CALL]" time="5.349" /><testcase classname="tests.istanbul.eip152_blake2.test_blake2" name="test_blake2b[fork_Prague-state_test-valid-rounds-512-call_opcode_CALL]" time="4.368" /><testcase classname="tests.istanbul.eip152_blake2.test_blake2" name="test_blake2b[fork_Prague-state_test-valid-rounds-1024-call_opcode_CALL]" time="6.337" /><testcase classname="tests.istanbul.eip152_blake2.test_blake2" name="test_blake2b[fork_Prague-state_test-valid-rounds-16-offset-0x10-call_opcode_CALL]" time="4.356" /><testcase classname="tests.istanbul.eip152_blake2.test_blake2" name="test_blake2b[fork_Prague-state_test-valid-rounds-32-offset-0x10-call_opcode_CALL]" time="4.300" /><testcase classname="tests.istanbul.eip152_blake2.test_blake2" name="test_blake2b[fork_Prague-state_test-valid-rounds-64-offset-0x10-call_opcode_CALL]" time="6.328" /><testcase classname="tests.istanbul.eip152_blake2.test_blake2" name="test_blake2b[fork_Prague-state_test-valid-rounds-128-offset-0x10-call_opcode_CALL]" time="5.319" /><testcase classname="tests.istanbul.eip152_blake2.test_blake2" name="test_blake2b[fork_Prague-state_test-valid-rounds-256-offset-0x10-call_opcode_CALL]" time="3.272" /><testcase classname="tests.istanbul.eip152_blake2.test_blake2" name="test_blake2b[fork_Prague-state_test-valid-rounds-512-offset-0x10-call_opcode_CALL]" time="6.337" /><testcase classname="tests.istanbul.eip152_blake2.test_blake2" name="test_blake2b[fork_Prague-state_test-valid-rounds-1024-offset-0x10-call_opcode_CALL]" time="4.295" /><testcase classname="tests.istanbul.eip152_blake2.test_blake2" name="test_blake2b[fork_Prague-state_test-valid-rounds-16-offset-0x78-call_opcode_CALL]" time="3.256" /><testcase classname="tests.istanbul.eip152_blake2.test_blake2" name="test_blake2b[fork_Prague-state_test-valid-rounds-32-offset-0x78-call_opcode_CALL]" time="5.308" /><testcase classname="tests.istanbul.eip152_blake2.test_blake2" name="test_blake2b[fork_Prague-state_test-valid-rounds-64-offset-0x78-call_opcode_CALL]" time="3.689" /><testcase classname="tests.istanbul.eip152_blake2.test_blake2" name="test_blake2b[fork_Prague-state_test-EIP-152-RFC-7693-zero-input-call_opcode_CALL]" time="5.308" /><testcase classname="tests.istanbul.eip152_blake2.test_blake2" name="test_blake2b_invalid_gas[fork_Prague-state_test-EIP-152-case1-data0-invalid-low-gas-gas_limit_90000-call_opcode_CALL]" time="6.370" /><testcase classname="tests.istanbul.eip152_blake2.test_blake2" name="test_blake2b_invalid_gas[fork_Prague-state_test-EIP-152-case1-data0-invalid-low-gas-gas_limit_90000-call_opcode_CALLCODE]" time="4.297" /><testcase classname="tests.istanbul.eip152_blake2.test_blake2" name="test_blake2b_invalid_gas[fork_Prague-state_test-EIP-152-case1-data0-invalid-low-gas-gas_limit_110000-call_opcode_CALL]" time="5.312" /><testcase classname="tests.istanbul.eip152_blake2.test_blake2" name="test_blake2b_invalid_gas[fork_Prague-state_test-EIP-152-case1-data0-invalid-low-gas-gas_limit_110000-call_opcode_CALLCODE]" time="6.336" /><testcase classname="tests.istanbul.eip152_blake2.test_blake2" name="test_blake2b_invalid_gas[fork_Prague-state_test-EIP-152-case1-data0-invalid-low-gas-gas_limit_200000-call_opcode_CALL]" time="4.275" /><testcase classname="tests.istanbul.eip152_blake2.test_blake2" name="test_blake2b_invalid_gas[fork_Prague-state_test-EIP-152-case1-data0-invalid-low-gas-gas_limit_200000-call_opcode_CALLCODE]" time="5.353" /><testcase classname="tests.istanbul.eip152_blake2.test_blake2" name="test_blake2b_invalid_gas[fork_Prague-state_test-EIP-152-case1-data1-invalid-low-gas-gas_limit_90000-call_opcode_CALL]" time="6.384" /><testcase classname="tests.istanbul.eip152_blake2.test_blake2" name="test_blake2b_invalid_gas[fork_Prague-state_test-EIP-152-case1-data1-invalid-low-gas-gas_limit_90000-call_opcode_CALLCODE]" time="4.312" /><testcase classname="tests.istanbul.eip152_blake2.test_blake2" name="test_blake2b_invalid_gas[fork_Prague-state_test-EIP-152-case1-data1-invalid-low-gas-gas_limit_110000-call_opcode_CALL]" time="5.385" /><testcase classname="tests.istanbul.eip152_blake2.test_blake2" name="test_blake2b_invalid_gas[fork_Prague-state_test-EIP-152-case1-data1-invalid-low-gas-gas_limit_110000-call_opcode_CALLCODE]" time="6.335" /><testcase classname="tests.istanbul.eip152_blake2.test_blake2" name="test_blake2b_invalid_gas[fork_Prague-state_test-EIP-152-case1-data1-invalid-low-gas-gas_limit_200000-call_opcode_CALL]" time="4.292" /><testcase classname="tests.istanbul.eip152_blake2.test_blake2" name="test_blake2b_invalid_gas[fork_Prague-state_test-EIP-152-case1-data1-invalid-low-gas-gas_limit_200000-call_opcode_CALLCODE]" time="5.389" /><testcase classname="tests.istanbul.eip152_blake2.test_blake2" name="test_blake2b_invalid_gas[fork_Prague-state_test-EIP-152-case1-data2-invalid-low-gas-gas_limit_90000-call_opcode_CALL]" time="5.325" /><testcase classname="tests.istanbul.eip152_blake2.test_blake2" name="test_blake2b_invalid_gas[fork_Prague-state_test-EIP-152-case1-data2-invalid-low-gas-gas_limit_90000-call_opcode_CALLCODE]" time="4.310" /><testcase classname="tests.istanbul.eip152_blake2.test_blake2" name="test_blake2b_invalid_gas[fork_Prague-state_test-EIP-152-case1-data2-invalid-low-gas-gas_limit_110000-call_opcode_CALL]" time="5.301" /><testcase classname="tests.istanbul.eip152_blake2.test_blake2" name="test_blake2b_invalid_gas[fork_Prague-state_test-EIP-152-case1-data2-invalid-low-gas-gas_limit_110000-call_opcode_CALLCODE]" time="6.454" /><testcase classname="tests.istanbul.eip152_blake2.test_blake2" name="test_blake2b_invalid_gas[fork_Prague-state_test-EIP-152-case1-data2-invalid-low-gas-gas_limit_200000-call_opcode_CALL]" time="3.296" /><testcase classname="tests.istanbul.eip152_blake2.test_blake2" name="test_blake2b_invalid_gas[fork_Prague-state_test-EIP-152-case1-data2-invalid-low-gas-gas_limit_200000-call_opcode_CALLCODE]" time="6.336" /><testcase classname="tests.istanbul.eip152_blake2.test_blake2" name="test_blake2b_invalid_gas[fork_Prague-state_test-EIP-152-case1-data3-invalid-low-gas-gas_limit_90000-call_opcode_CALL]" time="5.324" /><testcase classname="tests.istanbul.eip152_blake2.test_blake2" name="test_blake2b_invalid_gas[fork_Prague-state_test-EIP-152-case1-data3-invalid-low-gas-gas_limit_90000-call_opcode_CALLCODE]" time="4.307" /><testcase classname="tests.istanbul.eip152_blake2.test_blake2" name="test_blake2b_invalid_gas[fork_Prague-state_test-EIP-152-case1-data3-invalid-low-gas-gas_limit_110000-call_opcode_CALL]" time="5.311" /><testcase classname="tests.istanbul.eip152_blake2.test_blake2" name="test_blake2b_invalid_gas[fork_Prague-state_test-EIP-152-case1-data3-invalid-low-gas-gas_limit_110000-call_opcode_CALLCODE]" time="5.633" /><testcase classname="tests.istanbul.eip152_blake2.test_blake2" name="test_blake2b_invalid_gas[fork_Prague-state_test-EIP-152-case1-data3-invalid-low-gas-gas_limit_200000-call_opcode_CALL]" time="5.349" /><testcase classname="tests.istanbul.eip152_blake2.test_blake2" name="test_blake2b_invalid_gas[fork_Prague-state_test-EIP-152-case1-data3-invalid-low-gas-gas_limit_200000-call_opcode_CALLCODE]" time="5.306" /><testcase classname="tests.istanbul.eip152_blake2.test_blake2" name="test_blake2b_invalid_gas[fork_Prague-state_test-EIP-152-case1-data9-invalid-low-gas-gas_limit_90000-call_opcode_CALL]" time="5.328" /><testcase classname="tests.istanbul.eip152_blake2.test_blake2" name="test_blake2b_invalid_gas[fork_Prague-state_test-EIP-152-case1-data9-invalid-low-gas-gas_limit_90000-call_opcode_CALLCODE]" time="4.294" /><testcase classname="tests.istanbul.eip152_blake2.test_blake2" name="test_blake2b_invalid_gas[fork_Prague-state_test-EIP-152-case1-data9-invalid-low-gas-gas_limit_110000-call_opcode_CALL]" time="6.348" /><testcase classname="tests.istanbul.eip152_blake2.test_blake2" name="test_blake2b_invalid_gas[fork_Prague-state_test-EIP-152-case1-data9-invalid-low-gas-gas_limit_110000-call_opcode_CALLCODE]" time="4.649" /><testcase classname="tests.istanbul.eip152_blake2.test_blake2" name="test_blake2b_invalid_gas[fork_Prague-state_test-EIP-152-case1-data9-invalid-low-gas-gas_limit_200000-call_opcode_CALL]" time="6.318" /><testcase classname="tests.istanbul.eip152_blake2.test_blake2" name="test_blake2b_invalid_gas[fork_Prague-state_test-EIP-152-case1-data9-invalid-low-gas-gas_limit_200000-call_opcode_CALLCODE]" time="5.429" /><testcase classname="tests.istanbul.eip152_blake2.test_blake2" name="test_blake2b_invalid_gas[fork_Prague-state_test-EIP-152-case1-data10-invalid-low-gas-gas_limit_90000-call_opcode_CALL]" time="5.306" /><testcase classname="tests.istanbul.eip152_blake2.test_blake2" name="test_blake2b_invalid_gas[fork_Prague-state_test-EIP-152-case1-data10-invalid-low-gas-gas_limit_90000-call_opcode_CALLCODE]" time="6.332" /><testcase classname="tests.istanbul.eip152_blake2.test_blake2" name="test_blake2b_invalid_gas[fork_Prague-state_test-EIP-152-case1-data10-invalid-low-gas-gas_limit_110000-call_opcode_CALL]" time="4.486" /><testcase classname="tests.istanbul.eip152_blake2.test_blake2" name="test_blake2b_invalid_gas[fork_Prague-state_test-EIP-152-case1-data10-invalid-low-gas-gas_limit_110000-call_opcode_CALLCODE]" time="6.440" /><testcase classname="tests.istanbul.eip152_blake2.test_blake2" name="test_blake2b_invalid_gas[fork_Prague-state_test-EIP-152-case1-data10-invalid-low-gas-gas_limit_200000-call_opcode_CALL]" time="4.326" /><testcase classname="tests.istanbul.eip152_blake2.test_blake2" name="test_blake2b_invalid_gas[fork_Prague-state_test-EIP-152-case1-data10-invalid-low-gas-gas_limit_200000-call_opcode_CALLCODE]" time="4.270" /><testcase classname="tests.istanbul.eip152_blake2.test_blake2" name="test_blake2b_gas_limit[fork_Prague-gas_limit_0x015752a0-state_test-EIP-152-case3-data4-gas-limit-call_opcode_CALL]" time="4.252"><skipped type="pytest.xfail" message="Causes Relay's precheck to fail: eth_sendRawTransaction 400 (Transaction gas limit '22500000' exceeds max gas per sec limit '15000000')" /></testcase><testcase classname="tests.istanbul.eip152_blake2.test_blake2" name="test_blake2b_gas_limit[fork_Prague-gas_limit_0x015752a0-state_test-EIP-152-case3-data4-gas-limit-call_opcode_CALLCODE]" time="3.236"><skipped type="pytest.xfail" message="Causes Relay's precheck to fail: eth_sendRawTransaction 400 (Transaction gas limit '22500000' exceeds max gas per sec limit '15000000')" /></testcase><testcase classname="tests.istanbul.eip152_blake2.test_blake2" name="test_blake2b_gas_limit[fork_Prague-gas_limit_0x015752a0-state_test-EIP-152-case4-data5-gas-limit-call_opcode_CALL]" time="2.199"><skipped type="pytest.xfail" message="Causes Relay's precheck to fail: eth_sendRawTransaction 400 (Transaction gas limit '22500000' exceeds max gas per sec limit '15000000')" /></testcase><testcase classname="tests.istanbul.eip152_blake2.test_blake2" name="test_blake2b_gas_limit[fork_Prague-gas_limit_0x015752a0-state_test-EIP-152-case4-data5-gas-limit-call_opcode_CALLCODE]" time="3.204"><skipped type="pytest.xfail" message="Causes Relay's precheck to fail: eth_sendRawTransaction 400 (Transaction gas limit '22500000' exceeds max gas per sec limit '15000000')" /></testcase><testcase classname="tests.istanbul.eip152_blake2.test_blake2" name="test_blake2b_gas_limit[fork_Prague-gas_limit_0x015752a0-state_test-EIP-152-case5-data6-gas-limit-call_opcode_CALL]" time="4.237"><skipped type="pytest.xfail" message="Causes Relay's precheck to fail: eth_sendRawTransaction 400 (Transaction gas limit '22500000' exceeds max gas per sec limit '15000000')" /></testcase><testcase classname="tests.istanbul.eip152_blake2.test_blake2" name="test_blake2b_gas_limit[fork_Prague-gas_limit_0x015752a0-state_test-EIP-152-case5-data6-gas-limit-call_opcode_CALLCODE]" time="2.612"><skipped type="pytest.xfail" message="Causes Relay's precheck to fail: eth_sendRawTransaction 400 (Transaction gas limit '22500000' exceeds max gas per sec limit '15000000')" /></testcase><testcase classname="tests.istanbul.eip152_blake2.test_blake2" name="test_blake2b_gas_limit[fork_Prague-gas_limit_0x015752a0-state_test-EIP-152-case6-data7-gas-limit-call_opcode_CALL]" time="4.293"><skipped type="pytest.xfail" message="Causes Relay's precheck to fail: eth_sendRawTransaction 400 (Transaction gas limit '22500000' exceeds max gas per sec limit '15000000')" /></testcase><testcase classname="tests.istanbul.eip152_blake2.test_blake2" name="test_blake2b_gas_limit[fork_Prague-gas_limit_0x015752a0-state_test-EIP-152-case6-data7-gas-limit-call_opcode_CALLCODE]" time="4.238"><skipped type="pytest.xfail" message="Causes Relay's precheck to fail: eth_sendRawTransaction 400 (Transaction gas limit '22500000' exceeds max gas per sec limit '15000000')" /></testcase><testcase classname="tests.istanbul.eip152_blake2.test_blake2" name="test_blake2b_gas_limit[fork_Prague-gas_limit_0x015752a0-state_test-EIP-152-case7-data8-gas-limit-call_opcode_CALL]" time="2.201"><skipped type="pytest.xfail" message="Causes Relay's precheck to fail: eth_sendRawTransaction 400 (Transaction gas limit '22500000' exceeds max gas per sec limit '15000000')" /></testcase><testcase classname="tests.istanbul.eip152_blake2.test_blake2" name="test_blake2b_gas_limit[fork_Prague-gas_limit_0x015752a0-state_test-EIP-152-case7-data8-gas-limit-call_opcode_CALLCODE]" time="3.228"><skipped type="pytest.xfail" message="Causes Relay's precheck to fail: eth_sendRawTransaction 400 (Transaction gas limit '22500000' exceeds max gas per sec limit '15000000')" /></testcase><testcase classname="tests.istanbul.eip152_blake2.test_blake2" name="test_blake2b_gas_limit[fork_Prague-gas_limit_90000-state_test-EIP-152-case3-data4-gas-limit-call_opcode_CALL]" time="6.327" /><testcase classname="tests.istanbul.eip152_blake2.test_blake2" name="test_blake2b_gas_limit[fork_Prague-gas_limit_90000-state_test-EIP-152-case3-data4-gas-limit-call_opcode_CALLCODE]" time="4.316" /><testcase classname="tests.istanbul.eip152_blake2.test_blake2" name="test_blake2b_gas_limit[fork_Prague-gas_limit_90000-state_test-EIP-152-case4-data5-gas-limit-call_opcode_CALL]" time="3.270" /><testcase classname="tests.istanbul.eip152_blake2.test_blake2" name="test_blake2b_gas_limit[fork_Prague-gas_limit_90000-state_test-EIP-152-case4-data5-gas-limit-call_opcode_CALLCODE]" time="6.413" /><testcase classname="tests.istanbul.eip152_blake2.test_blake2" name="test_blake2b_gas_limit[fork_Prague-gas_limit_90000-state_test-EIP-152-case5-data6-gas-limit-call_opcode_CALL]" time="4.420" /><testcase classname="tests.istanbul.eip152_blake2.test_blake2" name="test_blake2b_gas_limit[fork_Prague-gas_limit_90000-state_test-EIP-152-case5-data6-gas-limit-call_opcode_CALLCODE]" time="6.669" /><testcase classname="tests.istanbul.eip152_blake2.test_blake2" name="test_blake2b_gas_limit[fork_Prague-gas_limit_90000-state_test-EIP-152-case6-data7-gas-limit-call_opcode_CALL]" time="3.277" /><testcase classname="tests.istanbul.eip152_blake2.test_blake2" name="test_blake2b_gas_limit[fork_Prague-gas_limit_90000-state_test-EIP-152-case6-data7-gas-limit-call_opcode_CALLCODE]" time="5.317" /><testcase classname="tests.istanbul.eip152_blake2.test_blake2" name="test_blake2b_gas_limit[fork_Prague-gas_limit_90000-state_test-EIP-152-case7-data8-gas-limit-call_opcode_CALL]" time="5.318" /><testcase classname="tests.istanbul.eip152_blake2.test_blake2" name="test_blake2b_gas_limit[fork_Prague-gas_limit_90000-state_test-EIP-152-case7-data8-gas-limit-call_opcode_CALLCODE]" time="5.310" /><testcase classname="tests.istanbul.eip152_blake2.test_blake2" name="test_blake2b_gas_limit[fork_Prague-gas_limit_110000-state_test-EIP-152-case3-data4-gas-limit-call_opcode_CALL]" time="3.298" /><testcase classname="tests.istanbul.eip152_blake2.test_blake2" name="test_blake2b_gas_limit[fork_Prague-gas_limit_110000-state_test-EIP-152-case3-data4-gas-limit-call_opcode_CALLCODE]" time="6.383" /><testcase classname="tests.istanbul.eip152_blake2.test_blake2" name="test_blake2b_gas_limit[fork_Prague-gas_limit_110000-state_test-EIP-152-case4-data5-gas-limit-call_opcode_CALL]" time="4.321" /><testcase classname="tests.istanbul.eip152_blake2.test_blake2" name="test_blake2b_gas_limit[fork_Prague-gas_limit_110000-state_test-EIP-152-case4-data5-gas-limit-call_opcode_CALLCODE]" time="3.293" /><testcase classname="tests.istanbul.eip152_blake2.test_blake2" name="test_blake2b_gas_limit[fork_Prague-gas_limit_110000-state_test-EIP-152-case5-data6-gas-limit-call_opcode_CALL]" time="5.674" /><testcase classname="tests.istanbul.eip152_blake2.test_blake2" name="test_blake2b_gas_limit[fork_Prague-gas_limit_110000-state_test-EIP-152-case5-data6-gas-limit-call_opcode_CALLCODE]" time="3.288" /><testcase classname="tests.istanbul.eip152_blake2.test_blake2" name="test_blake2b_gas_limit[fork_Prague-gas_limit_110000-state_test-EIP-152-case6-data7-gas-limit-call_opcode_CALL]" time="6.402" /><testcase classname="tests.istanbul.eip152_blake2.test_blake2" name="test_blake2b_gas_limit[fork_Prague-gas_limit_110000-state_test-EIP-152-case6-data7-gas-limit-call_opcode_CALLCODE]" time="4.315" /><testcase classname="tests.istanbul.eip152_blake2.test_blake2" name="test_blake2b_gas_limit[fork_Prague-gas_limit_110000-state_test-EIP-152-case7-data8-gas-limit-call_opcode_CALL]" time="3.273" /><testcase classname="tests.istanbul.eip152_blake2.test_blake2" name="test_blake2b_gas_limit[fork_Prague-gas_limit_110000-state_test-EIP-152-case7-data8-gas-limit-call_opcode_CALLCODE]" time="6.325" /><testcase classname="tests.istanbul.eip152_blake2.test_blake2" name="test_blake2b_gas_limit[fork_Prague-gas_limit_200000-state_test-EIP-152-case3-data4-gas-limit-call_opcode_CALL]" time="4.301" /><testcase classname="tests.istanbul.eip152_blake2.test_blake2" name="test_blake2b_gas_limit[fork_Prague-gas_limit_200000-state_test-EIP-152-case3-data4-gas-limit-call_opcode_CALLCODE]" time="4.347" /><testcase classname="tests.istanbul.eip152_blake2.test_blake2" name="test_blake2b_gas_limit[fork_Prague-gas_limit_200000-state_test-EIP-152-case4-data5-gas-limit-call_opcode_CALL]" time="5.302" /><testcase classname="tests.istanbul.eip152_blake2.test_blake2" name="test_blake2b_gas_limit[fork_Prague-gas_limit_200000-state_test-EIP-152-case4-data5-gas-limit-call_opcode_CALLCODE]" time="4.635" /><testcase classname="tests.istanbul.eip152_blake2.test_blake2" name="test_blake2b_gas_limit[fork_Prague-gas_limit_200000-state_test-EIP-152-case5-data6-gas-limit-call_opcode_CALL]" time="5.312" /><testcase classname="tests.istanbul.eip152_blake2.test_blake2" name="test_blake2b_gas_limit[fork_Prague-gas_limit_200000-state_test-EIP-152-case5-data6-gas-limit-call_opcode_CALLCODE]" time="6.330" /><testcase classname="tests.istanbul.eip152_blake2.test_blake2" name="test_blake2b_gas_limit[fork_Prague-gas_limit_200000-state_test-EIP-152-case6-data7-gas-limit-call_opcode_CALL]" time="3.350" /><testcase classname="tests.istanbul.eip152_blake2.test_blake2" name="test_blake2b_gas_limit[fork_Prague-gas_limit_200000-state_test-EIP-152-case6-data7-gas-limit-call_opcode_CALLCODE]" time="5.285" /><testcase classname="tests.istanbul.eip152_blake2.test_blake2" name="test_blake2b_gas_limit[fork_Prague-gas_limit_200000-state_test-EIP-152-case7-data8-gas-limit-call_opcode_CALL]" time="5.314" /><testcase classname="tests.istanbul.eip152_blake2.test_blake2" name="test_blake2b_gas_limit[fork_Prague-gas_limit_200000-state_test-EIP-152-case7-data8-gas-limit-call_opcode_CALLCODE]" time="4.657" /><testcase classname="tests.istanbul.eip152_blake2.test_blake2" name="test_blake2b_large_gas_limit[fork_Prague-gas_limit_0x015752a0-state_test-EIP-152-case0-data0-large-gas-limit-call_opcode_CALL]" time="4.240"><skipped type="pytest.xfail" message="Causes Relay's precheck to fail: eth_sendRawTransaction 400 (Transaction gas limit '22500000' exceeds max gas per sec limit '15000000')" /></testcase><testcase classname="tests.istanbul.eip152_blake2.test_blake2" name="test_blake2b_large_gas_limit[fork_Prague-gas_limit_0x015752a0-state_test-EIP-152-case0-data0-large-gas-limit-call_opcode_CALLCODE]" time="4.313"><skipped type="pytest.xfail" message="Causes Relay's precheck to fail: eth_sendRawTransaction 400 (Transaction gas limit '22500000' exceeds max gas per sec limit '15000000')" /></testcase><testcase classname="tests.istanbul.eip152_blake2.test_blake2" name="test_blake2b_large_gas_limit[fork_Prague-gas_limit_0x015752a0-state_test-EIP-152-case2-data1-large-gas-limit-call_opcode_CALL]" time="2.199"><skipped type="pytest.xfail" message="Causes Relay's precheck to fail: eth_sendRawTransaction 400 (Transaction gas limit '22500000' exceeds max gas per sec limit '15000000')" /></testcase><testcase classname="tests.istanbul.eip152_blake2.test_blake2" name="test_blake2b_large_gas_limit[fork_Prague-gas_limit_0x015752a0-state_test-EIP-152-case2-data1-large-gas-limit-call_opcode_CALLCODE]" time="4.246"><skipped type="pytest.xfail" message="Causes Relay's precheck to fail: eth_sendRawTransaction 400 (Transaction gas limit '22500000' exceeds max gas per sec limit '15000000')" /></testcase><testcase classname="tests.istanbul.eip152_blake2.test_blake2" name="test_blake2b_large_gas_limit[fork_Prague-gas_limit_0x015752a0-state_test-EIP-152-case2-data2-large-gas-limit-call_opcode_CALL]" time="3.278"><skipped type="pytest.xfail" message="Causes Relay's precheck to fail: eth_sendRawTransaction 400 (Transaction gas limit '22500000' exceeds max gas per sec limit '15000000')" /></testcase><testcase classname="tests.istanbul.eip152_blake2.test_blake2" name="test_blake2b_large_gas_limit[fork_Prague-gas_limit_0x015752a0-state_test-EIP-152-case2-data2-large-gas-limit-call_opcode_CALLCODE]" time="4.250"><skipped type="pytest.xfail" message="Causes Relay's precheck to fail: eth_sendRawTransaction 400 (Transaction gas limit '22500000' exceeds max gas per sec limit '15000000')" /></testcase><testcase classname="tests.istanbul.eip152_blake2.test_blake2" name="test_blake2b_large_gas_limit[fork_Prague-gas_limit_0x015752a0-state_test-EIP-152-case2-data3-large-gas-limit-call_opcode_CALL]" time="3.229"><skipped type="pytest.xfail" message="Causes Relay's precheck to fail: eth_sendRawTransaction 400 (Transaction gas limit '22500000' exceeds max gas per sec limit '15000000')" /></testcase><testcase classname="tests.istanbul.eip152_blake2.test_blake2" name="test_blake2b_large_gas_limit[fork_Prague-gas_limit_0x015752a0-state_test-EIP-152-case2-data3-large-gas-limit-call_opcode_CALLCODE]" time="4.257"><skipped type="pytest.xfail" message="Causes Relay's precheck to fail: eth_sendRawTransaction 400 (Transaction gas limit '22500000' exceeds max gas per sec limit '15000000')" /></testcase><testcase classname="tests.istanbul.eip152_blake2.test_blake2" name="test_blake2b_large_gas_limit[fork_Prague-gas_limit_0x015752a0-state_test-EIP-152-modified-case8-data9-large-gas-limit-call_opcode_CALL]" time="4.252"><skipped type="pytest.xfail" message="Causes Relay's precheck to fail: eth_sendRawTransaction 400 (Transaction gas limit '22500000' exceeds max gas per sec limit '15000000')" /></testcase><testcase classname="tests.istanbul.eip152_blake2.test_blake2" name="test_blake2b_large_gas_limit[fork_Prague-gas_limit_0x015752a0-state_test-EIP-152-modified-case8-data9-large-gas-limit-call_opcode_CALLCODE]" time="2.210"><skipped type="pytest.xfail" message="Causes Relay's precheck to fail: eth_sendRawTransaction 400 (Transaction gas limit '22500000' exceeds max gas per sec limit '15000000')" /></testcase><testcase classname="tests.istanbul.eip152_blake2.test_blake2" name="test_blake2b_large_gas_limit[fork_Prague-gas_limit_0x015752a0-state_test-EIP-152-case8-data9-large-gas-limit-call_opcode_CALL]" time="0.001"><skipped type="pytest.skip" message="Times-out during fill">/Users/luismastrangelo/work/execution-spec-tests/tests/istanbul/eip152_blake2/test_blake2.py:680: Times-out during fill</skipped></testcase><testcase classname="tests.istanbul.eip152_blake2.test_blake2" name="test_blake2b_large_gas_limit[fork_Prague-gas_limit_0x015752a0-state_test-EIP-152-case8-data9-large-gas-limit-call_opcode_CALLCODE]" time="0.000"><skipped type="pytest.skip" message="Times-out during fill">/Users/luismastrangelo/work/execution-spec-tests/tests/istanbul/eip152_blake2/test_blake2.py:680: Times-out during fill</skipped></testcase><testcase classname="tests.istanbul.eip152_blake2.test_blake2" name="test_blake2b_large_gas_limit[fork_Prague-gas_limit_0x015752a0-state_test-EIP-152-case9-data10-large-gas-limit-call_opcode_CALL]" time="3.222"><skipped type="pytest.xfail" message="Causes Relay's precheck to fail: eth_sendRawTransaction 400 (Transaction gas limit '22500000' exceeds max gas per sec limit '15000000')" /></testcase><testcase classname="tests.istanbul.eip152_blake2.test_blake2" name="test_blake2b_large_gas_limit[fork_Prague-gas_limit_0x015752a0-state_test-EIP-152-case9-data10-large-gas-limit-call_opcode_CALLCODE]" time="4.267"><skipped type="pytest.xfail" message="Causes Relay's precheck to fail: eth_sendRawTransaction 400 (Transaction gas limit '22500000' exceeds max gas per sec limit '15000000')" /></testcase><testcase classname="tests.istanbul.eip152_blake2.test_blake2_delegatecall" name="test_blake2_precompile_delegatecall[fork_Prague-state_test]" time="6.395" /></testsuite></testsuites>