<?xml version="1.0" encoding="utf-8"?><testsuites name="pytest tests"><testsuite name="pytest" errors="0" failures="0" skipped="0" tests="16" time="83.872" timestamp="2025-09-23T07:09:11.955061+02:00" hostname="JMX67TYYQ4"><testcase classname="tests.byzantium.eip198_modexp_precompile.test_modexp" name="test_modexp[fork_Prague-state_test-ModExpInput_base_0x-exponent_0x-modulus_0x02-ModExpOutput_returned_data_0x01]" time="8.395" /><testcase classname="tests.byzantium.eip198_modexp_precompile.test_modexp" name="test_modexp[fork_Prague-state_test-ModExpInput_base_0x-exponent_0x-modulus_0x0002-ModExpOutput_returned_data_0x0001]" time="5.328" /><testcase classname="tests.byzantium.eip198_modexp_precompile.test_modexp" name="test_modexp[fork_Prague-state_test-ModExpInput_base_0x00-exponent_0x00-modulus_0x02-ModExpOutput_returned_data_0x01]" time="3.292" /><testcase classname="tests.byzantium.eip198_modexp_precompile.test_modexp" name="test_modexp[fork_Prague-state_test-ModExpInput_base_0x-exponent_0x01-modulus_0x02-ModExpOutput_returned_data_0x00]" time="6.338" /><testcase classname="tests.byzantium.eip198_modexp_precompile.test_modexp" name="test_modexp[fork_Prague-state_test-ModExpInput_base_0x01-exponent_0x01-modulus_0x02-ModExpOutput_returned_data_0x01]" time="5.384" /><testcase classname="tests.byzantium.eip198_modexp_precompile.test_modexp" name="test_modexp[fork_Prague-state_test-ModExpInput_base_0x02-exponent_0x01-modulus_0x03-ModExpOutput_returned_data_0x02]" time="4.311" /><testcase classname="tests.byzantium.eip198_modexp_precompile.test_modexp" name="test_modexp[fork_Prague-state_test-ModExpInput_base_0x02-exponent_0x02-modulus_0x05-ModExpOutput_returned_data_0x04]" time="6.339" /><testcase classname="tests.byzantium.eip198_modexp_precompile.test_modexp" name="test_modexp[fork_Prague-state_test-ModExpInput_base_0x-exponent_0x-modulus_0x-ModExpOutput_returned_data_0x]" time="4.314" /><testcase classname="tests.byzantium.eip198_modexp_precompile.test_modexp" name="test_modexp[fork_Prague-state_test-ModExpInput_base_0x-exponent_0x-modulus_0x00-ModExpOutput_returned_data_0x00]" time="3.301" /><testcase classname="tests.byzantium.eip198_modexp_precompile.test_modexp" name="test_modexp[fork_Prague-state_test-ModExpInput_base_0x-exponent_0x-modulus_0x01-ModExpOutput_returned_data_0x00]" time="6.431" /><testcase classname="tests.byzantium.eip198_modexp_precompile.test_modexp" name="test_modexp[fork_Prague-state_test-ModExpInput_base_0x-exponent_0x-modulus_0x0001-ModExpOutput_returned_data_0x0000]" time="3.559" /><testcase classname="tests.byzantium.eip198_modexp_precompile.test_modexp" name="test_modexp[fork_Prague-state_test-EIP-198-case1]" time="6.326" /><testcase classname="tests.byzantium.eip198_modexp_precompile.test_modexp" name="test_modexp[fork_Prague-state_test-EIP-198-case2]" time="5.310" /><testcase classname="tests.byzantium.eip198_modexp_precompile.test_modexp" name="test_modexp[fork_Prague-state_test-EIP-198-case3-raw-input-out-of-gas]" time="3.245" /><testcase classname="tests.byzantium.eip198_modexp_precompile.test_modexp" name="test_modexp[fork_Prague-state_test-EIP-198-case4-extra-data_07]" time="5.565" /><testcase classname="tests.byzantium.eip198_modexp_precompile.test_modexp" name="test_modexp[fork_Prague-state_test-EIP-198-case5-raw-input]" time="6.394" /></testsuite></testsuites>