<?xml version="1.0" encoding="utf-8"?><testsuites name="pytest tests"><testsuite name="pytest" errors="0" failures="0" skipped="0" tests="16" time="83.381" timestamp="2025-09-23T19:53:57.923994+02:00" hostname="JMX67TYYQ4"><testcase classname="tests.byzantium.eip198_modexp_precompile.test_modexp" name="test_modexp[fork_Prague-state_test-ModExpInput_base_0x-exponent_0x-modulus_0x02-ModExpOutput_returned_data_0x01]" time="8.485" /><testcase classname="tests.byzantium.eip198_modexp_precompile.test_modexp" name="test_modexp[fork_Prague-state_test-ModExpInput_base_0x-exponent_0x-modulus_0x0002-ModExpOutput_returned_data_0x0001]" time="4.300" /><testcase classname="tests.byzantium.eip198_modexp_precompile.test_modexp" name="test_modexp[fork_Prague-state_test-ModExpInput_base_0x00-exponent_0x00-modulus_0x02-ModExpOutput_returned_data_0x01]" time="5.335" /><testcase classname="tests.byzantium.eip198_modexp_precompile.test_modexp" name="test_modexp[fork_Prague-state_test-ModExpInput_base_0x-exponent_0x01-modulus_0x02-ModExpOutput_returned_data_0x00]" time="6.334" /><testcase classname="tests.byzantium.eip198_modexp_precompile.test_modexp" name="test_modexp[fork_Prague-state_test-ModExpInput_base_0x01-exponent_0x01-modulus_0x02-ModExpOutput_returned_data_0x01]" time="5.338" /><testcase classname="tests.byzantium.eip198_modexp_precompile.test_modexp" name="test_modexp[fork_Prague-state_test-ModExpInput_base_0x02-exponent_0x01-modulus_0x03-ModExpOutput_returned_data_0x02]" time="4.295" /><testcase classname="tests.byzantium.eip198_modexp_precompile.test_modexp" name="test_modexp[fork_Prague-state_test-ModExpInput_base_0x02-exponent_0x02-modulus_0x05-ModExpOutput_returned_data_0x04]" time="5.326" /><testcase classname="tests.byzantium.eip198_modexp_precompile.test_modexp" name="test_modexp[fork_Prague-state_test-ModExpInput_base_0x-exponent_0x-modulus_0x-ModExpOutput_returned_data_0x]" time="5.322" /><testcase classname="tests.byzantium.eip198_modexp_precompile.test_modexp" name="test_modexp[fork_Prague-state_test-ModExpInput_base_0x-exponent_0x-modulus_0x00-ModExpOutput_returned_data_0x00]" time="3.275" /><testcase classname="tests.byzantium.eip198_modexp_precompile.test_modexp" name="test_modexp[fork_Prague-state_test-ModExpInput_base_0x-exponent_0x-modulus_0x01-ModExpOutput_returned_data_0x00]" time="6.339" /><testcase classname="tests.byzantium.eip198_modexp_precompile.test_modexp" name="test_modexp[fork_Prague-state_test-ModExpInput_base_0x-exponent_0x-modulus_0x0001-ModExpOutput_returned_data_0x0000]" time="5.349" /><testcase classname="tests.byzantium.eip198_modexp_precompile.test_modexp" name="test_modexp[fork_Prague-state_test-EIP-198-case1]" time="3.277" /><testcase classname="tests.byzantium.eip198_modexp_precompile.test_modexp" name="test_modexp[fork_Prague-state_test-EIP-198-case2]" time="6.356" /><testcase classname="tests.byzantium.eip198_modexp_precompile.test_modexp" name="test_modexp[fork_Prague-state_test-EIP-198-case3-raw-input-out-of-gas]" time="4.260" /><testcase classname="tests.byzantium.eip198_modexp_precompile.test_modexp" name="test_modexp[fork_Prague-state_test-EIP-198-case4-extra-data_07]" time="3.278" /><testcase classname="tests.byzantium.eip198_modexp_precompile.test_modexp" name="test_modexp[fork_Prague-state_test-EIP-198-case5-raw-input]" time="6.465" /></testsuite></testsuites>