<?xml version="1.0" encoding="utf-8"?><testsuites name="pytest tests"><testsuite name="pytest" errors="0" failures="0" skipped="0" tests="27" time="145.640" timestamp="2025-09-23T07:52:57.461888+02:00" hostname="JMX67TYYQ4"><testcase classname="tests.constantinople.eip1014_create2.test_create_returndata" name="test_create2_return_data[fork_Prague-state_test-return_type_in_create_RETURN-return_type_RETURN-create_type_CREATE-call_return_size_35]" time="7.859" /><testcase classname="tests.constantinople.eip1014_create2.test_create_returndata" name="test_create2_return_data[fork_Prague-state_test-return_type_in_create_RETURN-return_type_RETURN-create_type_CREATE-call_return_size_32]" time="3.346" /><testcase classname="tests.constantinople.eip1014_create2.test_create_returndata" name="test_create2_return_data[fork_Prague-state_test-return_type_in_create_RETURN-return_type_RETURN-create_type_CREATE-call_return_size_0]" time="4.350" /><testcase classname="tests.constantinople.eip1014_create2.test_create_returndata" name="test_create2_return_data[fork_Prague-state_test-return_type_in_create_RETURN-return_type_RETURN-create_type_CREATE2-call_return_size_35]" time="6.426" /><testcase classname="tests.constantinople.eip1014_create2.test_create_returndata" name="test_create2_return_data[fork_Prague-state_test-return_type_in_create_RETURN-return_type_RETURN-create_type_CREATE2-call_return_size_32]" time="4.376" /><testcase classname="tests.constantinople.eip1014_create2.test_create_returndata" name="test_create2_return_data[fork_Prague-state_test-return_type_in_create_RETURN-return_type_RETURN-create_type_CREATE2-call_return_size_0]" time="5.355" /><testcase classname="tests.constantinople.eip1014_create2.test_create_returndata" name="test_create2_return_data[fork_Prague-state_test-return_type_in_create_RETURN-return_type_REVERT-create_type_CREATE-call_return_size_35]" time="5.404" /><testcase classname="tests.constantinople.eip1014_create2.test_create_returndata" name="test_create2_return_data[fork_Prague-state_test-return_type_in_create_RETURN-return_type_REVERT-create_type_CREATE-call_return_size_32]" time="3.351" /><testcase classname="tests.constantinople.eip1014_create2.test_create_returndata" name="test_create2_return_data[fork_Prague-state_test-return_type_in_create_RETURN-return_type_REVERT-create_type_CREATE-call_return_size_0]" time="6.401" /><testcase classname="tests.constantinople.eip1014_create2.test_create_returndata" name="test_create2_return_data[fork_Prague-state_test-return_type_in_create_RETURN-return_type_REVERT-create_type_CREATE2-call_return_size_35]" time="5.383" /><testcase classname="tests.constantinople.eip1014_create2.test_create_returndata" name="test_create2_return_data[fork_Prague-state_test-return_type_in_create_RETURN-return_type_REVERT-create_type_CREATE2-call_return_size_32]" time="5.440" /><testcase classname="tests.constantinople.eip1014_create2.test_create_returndata" name="test_create2_return_data[fork_Prague-state_test-return_type_in_create_RETURN-return_type_REVERT-create_type_CREATE2-call_return_size_0]" time="4.372" /><testcase classname="tests.constantinople.eip1014_create2.test_create_returndata" name="test_create2_return_data[fork_Prague-state_test-return_type_in_create_REVERT-return_type_RETURN-create_type_CREATE-call_return_size_35]" time="3.367" /><testcase classname="tests.constantinople.eip1014_create2.test_create_returndata" name="test_create2_return_data[fork_Prague-state_test-return_type_in_create_REVERT-return_type_RETURN-create_type_CREATE-call_return_size_32]" time="6.422" /><testcase classname="tests.constantinople.eip1014_create2.test_create_returndata" name="test_create2_return_data[fork_Prague-state_test-return_type_in_create_REVERT-return_type_RETURN-create_type_CREATE-call_return_size_0]" time="5.411" /><testcase classname="tests.constantinople.eip1014_create2.test_create_returndata" name="test_create2_return_data[fork_Prague-state_test-return_type_in_create_REVERT-return_type_RETURN-create_type_CREATE2-call_return_size_35]" time="4.369" /><testcase classname="tests.constantinople.eip1014_create2.test_create_returndata" name="test_create2_return_data[fork_Prague-state_test-return_type_in_create_REVERT-return_type_RETURN-create_type_CREATE2-call_return_size_32]" time="4.373" /><testcase classname="tests.constantinople.eip1014_create2.test_create_returndata" name="test_create2_return_data[fork_Prague-state_test-return_type_in_create_REVERT-return_type_RETURN-create_type_CREATE2-call_return_size_0]" time="4.393" /><testcase classname="tests.constantinople.eip1014_create2.test_create_returndata" name="test_create2_return_data[fork_Prague-state_test-return_type_in_create_REVERT-return_type_REVERT-create_type_CREATE-call_return_size_35]" time="5.768" /><testcase classname="tests.constantinople.eip1014_create2.test_create_returndata" name="test_create2_return_data[fork_Prague-state_test-return_type_in_create_REVERT-return_type_REVERT-create_type_CREATE-call_return_size_32]" time="4.390" /><testcase classname="tests.constantinople.eip1014_create2.test_create_returndata" name="test_create2_return_data[fork_Prague-state_test-return_type_in_create_REVERT-return_type_REVERT-create_type_CREATE-call_return_size_0]" time="6.433" /><testcase classname="tests.constantinople.eip1014_create2.test_create_returndata" name="test_create2_return_data[fork_Prague-state_test-return_type_in_create_REVERT-return_type_REVERT-create_type_CREATE2-call_return_size_35]" time="3.388" /><testcase classname="tests.constantinople.eip1014_create2.test_create_returndata" name="test_create2_return_data[fork_Prague-state_test-return_type_in_create_REVERT-return_type_REVERT-create_type_CREATE2-call_return_size_32]" time="6.382" /><testcase classname="tests.constantinople.eip1014_create2.test_create_returndata" name="test_create2_return_data[fork_Prague-state_test-return_type_in_create_REVERT-return_type_REVERT-create_type_CREATE2-call_return_size_0]" time="3.401" /><testcase classname="tests.constantinople.eip145_bitwise_shift.test_shift_combinations" name="test_combinations[fork_Prague-state_test-sar]" time="8.665" /><testcase classname="tests.constantinople.eip145_bitwise_shift.test_shift_combinations" name="test_combinations[fork_Prague-state_test-shl]" time="7.440" /><testcase classname="tests.constantinople.eip145_bitwise_shift.test_shift_combinations" name="test_combinations[fork_Prague-state_test-shr]" time="9.313" /></testsuite></testsuites>